0 info it worked if it ends with ok
1 verbose cli [ 'node', '/usr/local/bin/npm', 'start' ]
2 info using npm@2.13.2
3 info using node@v0.12.7
4 verbose node symlink /usr/local/bin/node
5 verbose run-script [ 'prestart', 'start', 'poststart' ]
6 info prestart @
7 verbose unsafe-perm in lifecycle true
8 info start @
9 verbose unsafe-perm in lifecycle true
10 info @ Failed to exec start script
11 verbose stack Error: @ start: `node app.js`
11 verbose stack Exit status 1
11 verbose stack     at EventEmitter.<anonymous> (/usr/local/lib/node_modules/npm/lib/utils/lifecycle.js:214:16)
11 verbose stack     at EventEmitter.emit (events.js:110:17)
11 verbose stack     at ChildProcess.<anonymous> (/usr/local/lib/node_modules/npm/lib/utils/spawn.js:24:14)
11 verbose stack     at ChildProcess.emit (events.js:110:17)
11 verbose stack     at maybeClose (child_process.js:1015:16)
11 verbose stack     at Process.ChildProcess._handle.onexit (child_process.js:1087:5)
12 verbose pkgid @
13 verbose cwd /Users/timotius02/hackathon/hacktheplanet
14 error Darwin 14.4.0
15 error argv "node" "/usr/local/bin/npm" "start"
16 error node v0.12.7
17 error npm  v2.13.2
18 error code ELIFECYCLE
19 error @ start: `node app.js`
19 error Exit status 1
20 error Failed at the @ start script 'node app.js'.
20 error This is most likely a problem with the  package,
20 error not with npm itself.
20 error Tell the author that this fails on your system:
20 error     node app.js
20 error You can get their info via:
20 error     npm owner ls
20 error There is likely additional logging output above.
21 verbose exit [ 1, true ]
